0709 Fri 22:49:59:[Vedmak]backup
0711 Wed 12:46:03:[Revizor]backup
2011 Tue 16:21:21:[Vitar]backup
2111 Wed 10:20:47:[Vitar]backup
2211 Thu 13:11:13:[Vitar]backup
2805 Tue 18:36:18:[PymMaH]offline hzaru info
2805 Tue 18:36:28:[PymMaH]offline ghost info
2905 Wed 14:05:31:[PymMaH]offline apc info
2905 Wed 14:05:40:[PymMaH]offline saboteur info
2905 Wed 14:05:55:[PymMaH]offline dragon info
2905 Wed 14:06:53:[PymMaH]offline wagner info
1306 Thu 10:06:27:[Morkovka]backup
2303 Tue 01:33:58:[Saboteur]deny
2303 Tue 01:34:02:[Saboteur]deny graf
2303 Tue 01:34:10:[Saboteur]deny Angor
2303 Tue 01:34:17:[Saboteur]deny Kril
2303 Tue 02:50:44:[Saboteur]offline
2303 Tue 02:50:56:[Saboteur]offline alexp
2303 Tue 02:51:01:[Saboteur]offline alexp stat
2303 Tue 02:51:15:[Saboteur]offline alex info
2303 Tue 02:51:20:[Saboteur]offline alexp info
3004 Fri 17:02:28:[Requiem]offli zveroboy
3004 Fri 17:02:44:[Requiem]offline zver info
3004 Fri 17:03:01:[Requiem]offline zveroboy info
3004 Fri 19:05:35:[Requiem]offline zagol
3004 Fri 19:05:46:[Requiem]offline zagol info
0805 Sat 15:46:39:[Requiem]offline eliot info
0805 Sat 15:52:04:[Requiem]offline eliot info
0805 Sat 15:52:25:[Requiem]offline narayana i
0805 Sat 15:52:35:[Requiem]offline ascold info
0905 Sun 20:23:39:[Eliot]off
0905 Sun 20:23:49:[Eliot]off requiem info
0905 Sun 20:23:59:[Eliot]off dalamar info
0905 Sun 20:24:09:[Eliot]off neec info
0905 Sun 20:24:18:[Eliot]off kubatai info
0905 Sun 20:25:14:[Eliot]offline
0905 Sun 20:25:20:[Eliot]offline supermax info
0905 Sun 22:03:51:[Eliot]offline requiem info
1005 Mon 01:18:46:[Samsond]marry Хасан
1005 Mon 01:18:55:[Samsond]marry Хассан
1005 Mon 11:44:08:[Eliot]offline requiem info
1005 Mon 13:11:52:[SelfYou]offline prool info
1005 Mon 16:09:51:[Zveroboy]backup
1005 Mon 16:48:03:[Requiem]offline zveroboy i
1005 Mon 16:58:20:[Requiem]offline zver i
1005 Mon 16:58:30:[Requiem]offline zveroboy i
1005 Mon 18:33:29:[Eliot]offline mailz info
1005 Mon 19:00:17:[Eliot]backup
1005 Mon 19:22:27:[Requiem]offline helper i
1105 Tue 22:56:39:[Requiem]offline averoboy info
1105 Tue 22:56:48:[Requiem]offline zveroboy info
1205 Wed 12:21:28:[Requiem]offline zveroboy i
1205 Wed 12:21:41:[Requiem]offline helper i
1305 Thu 11:51:25:[Helper]offline krill info
1305 Thu 11:51:34:[Helper]offline kril info
1305 Thu 15:34:01:[Requiem]offline helper i
1305 Thu 19:07:21:[Helper]offline requiem info
1405 Fri 00:56:45:[Helper]offline eliot info
1405 Fri 16:52:30:[Requiem]offline helper i
1605 Sun 07:53:28:[Eliot]offline zveroboy info
1605 Sun 20:26:02:[Eliot]offline requim info
1605 Sun 20:26:18:[Eliot]offline requime info
1605 Sun 20:26:28:[Eliot]offline zveroboy info
1605 Sun 20:26:37:[Eliot]offline helper info
1605 Sun 20:26:49:[Eliot]offline requiem info
1605 Sun 22:02:43:[Helper]offline eliot info
1605 Sun 22:02:57:[Helper]offline eliot info
1705 Mon 12:32:06:[Eliot]offline requiem inf
1705 Mon 22:56:33:[Eliot]offline requiem info
1705 Mon 23:46:54:[Eliot]offline requiem info
1805 Tue 17:18:23:[Eliot]offline requiem info
1805 Tue 21:25:18:[Eliot]offline zveroboy info
1805 Tue 21:25:31:[Eliot]offline requiem info
1905 Wed 14:09:37:[Eliot]offline requiem info
1905 Wed 19:09:20:[Eliot]offline phoenix info
2005 Thu 15:00:30:[Eliot]backup
2005 Thu 15:14:59:[Eliot]offline saboteur info
2005 Thu 15:15:09:[Eliot]offline APC info
2005 Thu 15:15:18:[Eliot]offline Apc info
2005 Thu 15:15:28:[Eliot]offline stinger info
2005 Thu 15:15:40:[Eliot]offline requiem info
2005 Thu 20:41:44:[Eliot]offline prool info
2105 Fri 16:18:13:[Eliot]offline requiem info
2205 Sat 20:24:06:[Eliot]offline requiem info
2205 Sat 20:24:15:[Eliot]offline requie info
2205 Sat 20:24:24:[Eliot]offline zveroboy info
2505 Tue 21:58:15:[Requiem]offline eliot info
2505 Tue 21:58:25:[Requiem]offline zveroboy info
2605 Wed 13:26:03:[Eliot]offline requiem info
2705 Thu 21:22:30:[Eliot]offline requiem info
2905 Sat 00:18:49:[Eliot]offline requiem info
2905 Sat 00:20:43:[Eliot]offline zveroboy info
0206 Wed 21:41:28:[Requiem]offline zveroboy i
0807 Thu 21:52:58:[Eliot]offline requiem info
0807 Thu 21:53:07:[Eliot]offline helper info
0807 Thu 21:53:16:[Eliot]offline zveroboy info
0807 Thu 21:57:23:[Eliot]offline smax info
0807 Thu 21:57:32:[Eliot]offline supermax info
0907 Fri 00:54:17:[Eliot]offline bald info
0907 Fri 00:54:50:[Eliot]offline eliot info
0907 Fri 00:55:11:[Eliot]offline saboteur info
0907 Fri 00:55:20:[Eliot]offline apc info
0907 Fri 00:55:30:[Eliot]offline wagner info
0907 Fri 00:55:39:[Eliot]offline requirm info
0907 Fri 00:55:48:[Eliot]offline requiem info
0907 Fri 00:56:58:[Eliot]offline supermax info
0907 Fri 09:00:20:[Eliot]offline bald info
1007 Sat 18:08:06:[Eliot]offline bald info
1007 Sat 21:43:26:[Eliot]offline requiem info
1107 Sun 00:17:25:[Eliot]clanb show
1207 Mon 23:05:57:[Eliot]backup
1407 Wed 22:08:58:[Eliot]offline neec info
1407 Wed 22:09:07:[Eliot]offline helly info
1407 Wed 22:09:16:[Eliot]offline dalamar info
1407 Wed 22:09:26:[Eliot]offline requiem info
1407 Wed 23:17:16:[Eliot]backup
1407 Wed 23:48:39:[Eliot]offline ice info
1607 Fri 23:00:32:[Eliot]offline bald info
1707 Sat 00:02:20:[Eliot]offline ю info
1707 Sat 00:05:46:[Eliot]backup
1707 Sat 00:26:32:[Eliot]backup
1707 Sat 00:28:45:[Helper]offline ю info
1707 Sat 00:28:54:[Helper]offline Eliot info
1707 Sat 10:12:42:[Eliot]offline ю info
2707 Tue 20:34:55:[Eliot]offline ю Info
2707 Tue 20:35:05:[Eliot]offline u info
0401 Tue 22:26:09:[Apc]backup
0401 Tue 22:32:15:[Apc]offline
0401 Tue 22:32:21:[Apc]offline info
0401 Tue 22:32:28:[Apc]offline apc info
0401 Tue 22:32:37:[Apc]offline saboteur info
0401 Tue 22:32:49:[Apc]offline wagner info
0401 Tue 22:32:58:[Apc]offline dragon info
0401 Tue 22:42:28:[Apc]backup
0307 Sun 18:56:43:[Bopin]backup
0307 Sun 18:56:52:[Bopin]backup
3007 Sat 18:27:01:[Eliot]offline requiem info
3007 Sat 18:27:35:[Eliot]offline bald info
3007 Sat 18:27:52:[Eliot]offline helly info
3007 Sat 18:28:03:[Eliot]offline neec info
0109 Thu 21:08:04:[Eliot]offline requiem info
0109 Thu 21:12:19:[Eliot]offline cradya info
0109 Thu 21:12:28:[Eliot]offline cradia info
0109 Thu 21:15:35:[Eliot]backup
0509 Mon 12:13:19:[PymMaH]offline info prool
0509 Mon 12:14:05:[PymMaH]offline info Prool
0609 Tue 21:24:10:[Narayana]offline pymmah info
0709 Wed 18:27:46:[PymMaH]offline ю info
0709 Wed 18:27:55:[PymMaH]offline narayana info
0709 Wed 18:28:08:[PymMaH]offline zagol info
0709 Wed 18:28:23:[PymMaH]offline requiem info
0709 Wed 18:28:38:[PymMaH]offline ogre info
0909 Fri 18:40:29:[PymMaH]offline req info
0909 Fri 18:40:38:[PymMaH]offline requiem info
1009 Sat 15:46:04:[PymMaH]offline pymmah info
1009 Sat 16:32:35:[PymMaH]offline requiem info
1209 Mon 11:10:11:[PymMaH]offline Ю info
0110 Sat 20:01:19:[Requiem]offline pytmah i
0110 Sat 20:01:38:[Requiem]offline pymmah i
0710 Fri 18:12:08:[PymMaH]offline prool info
0303 Fri 17:34:15:[Sanchouz]backup
0405 Thu 18:37:00:[Eliot]offline requiem info
0405 Thu 18:37:50:[Eliot]offline grandthief info
2008 Sun 09:48:06:[Eliot]offline GrandThief info
2008 Sun 09:48:37:[Eliot]offline PymMaH info
2008 Sun 09:49:40:[Eliot]offline PymMaH info
2008 Sun 09:49:53:[Eliot]offline GrandThief info
2308 Wed 22:37:30:[Eliot]backup
2408 Thu 16:48:24:[Eliot]offline saboteir info
2408 Thu 16:48:34:[Eliot]offline saboter info
2408 Thu 16:48:50:[Eliot]offline saboteur info
2408 Thu 16:49:02:[Eliot]offline requiem info
2408 Thu 16:49:14:[Eliot]offline arhont onfo
2408 Thu 16:49:25:[Eliot]offline helper onfo
2408 Thu 17:32:38:[Eliot]offline prool info
2408 Thu 17:33:33:[Ezik]offline
2408 Thu 17:33:39:[Ezik]offline prool inf
2508 Fri 00:33:02:[Eliot]offline PymMaH info
2508 Fri 00:34:45:[Eliot]offline grandthief info
2508 Fri 00:52:40:[Eliot]clanb
2808 Mon 16:51:35:[Eliot]offline utka info
2908 Tue 01:22:10:[Eliot]offline
3008 Wed 10:13:43:[Eliot]offline F info
3008 Wed 10:14:00:[Eliot]offline PymMaH info
0109 Fri 22:28:03:[Eliot]offline ezik info
0209 Sat 00:25:12:[Eliot]offline helper info
0209 Sat 00:25:23:[Eliot]marr
0209 Sat 00:25:48:[Eliot]offline smax info
0209 Sat 00:25:57:[Eliot]offline supermax info
0209 Sat 00:36:23:[Eliot]offline wagner info
0209 Sat 00:36:32:[Eliot]offline apc info
0209 Sat 00:36:58:[Eliot]offline adron info
0209 Sat 00:37:10:[Eliot]offline belka info
0209 Sat 00:37:29:[Eliot]offline rufina info
0209 Sat 15:29:07:[Eliot]offline drakosha info
0309 Sun 19:22:13:[Kosh]offline helper info
0309 Sun 19:22:15:[Ezik]offline helper info
0409 Mon 21:59:08:[Kosh]backup
0409 Mon 21:59:18:[Eliot]backup
0609 Wed 21:14:32:[Kosh]backup
1009 Sun 23:41:22:[Eliot]offline ezik info
1009 Sun 23:41:31:[Eliot]offline requiem info
1009 Sun 23:41:45:[Eliot]offline iov info
1109 Mon 17:16:14:[Eliot]offline helper info
1109 Mon 23:28:55:[Kosh]offline eliot info
1309 Wed 01:41:05:[Kosh]offline GrandThief info
1609 Sat 22:51:27:[Saboteur]backup
1609 Sat 22:54:47:[Eliot]offline utka2 info
1609 Sat 22:55:51:[Eliot]offline supermax info
1609 Sat 22:56:03:[Saboteur]offline Utka info
1609 Sat 22:56:17:[Saboteur]offline Utka2 info
1609 Sat 22:59:49:[Eliot]offline utka info
1609 Sat 22:59:59:[Eliot]offline utka2 info
1609 Sat 23:02:57:[Saboteur]gl hei
1609 Sat 23:11:37:[Eliot]offline supermax info
1709 Sun 17:15:53:[Kosh]offline
1909 Tue 21:57:37:[Kosh]offline ezik info
1909 Tue 21:57:46:[Kosh]offline ezhik info
1909 Tue 21:58:35:[Kosh]offline ezik info
1909 Tue 21:58:44:[Kosh]offline ezhik info
2009 Wed 00:15:11:[Kosh]offline ezik info
2009 Wed 00:15:21:[Kosh]offline ezhik info
2009 Wed 00:15:34:[Kosh]offline ежЫк info
2009 Wed 00:15:45:[Kosh]offline saboteur info
2009 Wed 00:16:00:[Kosh]offline where info
2009 Wed 00:16:10:[Kosh]offline KTO info
2009 Wed 00:16:19:[Kosh]offline who info
2009 Wed 00:35:08:[Kosh]offline sab info
2009 Wed 00:35:17:[Kosh]offline saboteur info
2009 Wed 00:35:26:[Kosh]offline adron info
2009 Wed 00:36:01:[Kosh]offline where info
2009 Wed 12:07:08:[Kosh]offline saboteur info
2009 Wed 12:07:58:[Kosh]offline where info
2009 Wed 16:49:57:[Kosh]offline saboteur info
2009 Wed 16:55:17:[Kosh]offline Саботер info
2009 Wed 16:55:29:[Kosh]offline ежык info
2309 Sat 12:28:29:[Kosh]offline ezik info
2409 Sun 02:30:34:[Kosh]offline where info
2409 Sun 02:30:43:[Kosh]offline drow info
2409 Sun 02:30:52:[Kosh]offline Etherial info
2409 Sun 12:27:12:[Kosh]offline saboteur info
2509 Mon 15:48:31:[Kosh]offline where info
2509 Mon 16:54:54:[Kosh]offline Ю info
2809 Thu 00:08:02:[Kosh]offline saboteur info
3009 Sat 00:43:22:[Eliot]offline kosh info
3009 Sat 20:43:17:[(]offline kosh info
3009 Sat 21:08:54:[Kosh]offline ( info
3009 Sat 21:09:57:[Kosh]offline where info
3009 Sat 21:10:23:[Kosh]offline F info
3009 Sat 21:13:35:[Eliot]offline kosh info
3009 Sat 21:15:29:[Eliot]offline kosh info
3009 Sat 21:32:09:[Kosh]offline ( info
0110 Sun 10:59:18:[Eliot]offline ezik info
0110 Sun 11:11:29:[Eliot]offline ( info
0110 Sun 11:11:44:[Eliot]offline Ю Info
0110 Sun 11:14:32:[Eliot]offline F info
0210 Mon 21:54:20:[Eliot]offline ezik info
0210 Mon 21:54:40:[Eliot]offline utka info
0210 Mon 21:55:11:[Eliot]offline tepmuhatop info
0210 Mon 22:14:23:[Eliot]backup
0210 Mon 22:14:55:[Eliot]offline saboteur info
0210 Mon 22:16:14:[Kosh]offline eliot info
0410 Wed 15:14:25:[Eliot]offline ezik info
0410 Wed 15:17:23:[Eliot]offline GrandThief info
0410 Wed 15:17:35:[Eliot]offline saboteur info
1010 Tue 22:12:20:[Ezik]off kosh inf
1010 Tue 22:13:09:[Eliot]offline saboteur info
2310 Mon 14:45:52:[Eliot]offline helper info
2710 Fri 15:14:32:[Requiem]offline eliot info
2810 Sat 14:41:22:[Eliot]offline ezik info
3010 Mon 20:50:49:[Eliot]offline smax info
3010 Mon 20:50:58:[Eliot]offline supemax info
3010 Mon 20:51:08:[Eliot]offline supermax info
3010 Mon 20:51:17:[Eliot]offline saboteur info
3010 Mon 20:51:40:[Eliot]offline utka info
0911 Thu 00:02:01:[Eliot]offline ezhik info
0911 Thu 00:02:11:[Eliot]offline ezik info
1511 Wed 14:48:16:[Eliot]offline ezik info
1511 Wed 15:11:31:[Eliot]offline kosh info
1511 Wed 16:06:16:[Eliot]offline kosh info
1611 Thu 12:24:15:[Eliot]offline ( info
1611 Thu 12:24:26:[Eliot]offline saboteur info
1711 Fri 02:44:36:[Eliot]offline ezik info
1911 Sun 15:51:27:[Eliot]offline ezik info
1712 Sun 15:07:47:[Eliot]offline saboteur info
1812 Mon 00:04:10:[Eliot]offline neec info
2501 Thu 15:12:47:[Eliot]offline saboteur info
2501 Thu 15:19:23:[Eliot]offline ezik info
2501 Thu 15:30:34:[Eliot]offline slim info
0202 Fri 15:08:52:[Eliot]offline sabpteur info
0202 Fri 15:09:02:[Eliot]offline saboteur info
0202 Fri 15:25:45:[Ezik]offline sab info
0202 Fri 15:25:54:[Ezik]offline saboteur info
0202 Fri 15:26:03:[Eliot]offline where info
0202 Fri 15:26:50:[Eliot]offline ezhik info
0202 Fri 17:13:15:[Eliot]offline requiem info
0202 Fri 17:13:37:[Eliot]offline arhont info
0202 Fri 17:13:47:[Eliot]offline stinger info
0402 Sun 17:26:35:[Eliot]offline arlach info
0402 Sun 17:26:44:[Eliot]offline stinger info
0602 Tue 01:13:17:[Saboteur]file
0602 Tue 01:13:19:[Saboteur]file ls
0602 Tue 01:13:23:[Saboteur]file dir
0602 Tue 01:13:27:[Saboteur]file ls /
0602 Tue 01:13:31:[Saboteur]file dir /
